[INFO] subsample tv_disrupt: 402 -> 100
[INFO] subsample tv_non_disrupt: 1287 -> 0 (disabled)
[INFO] subsample test_disrupt: 175 -> 80
[INFO] subsample test_non_disrupt: 550 -> 0 (disabled)
=== Split Summary ===
TV disruptive: 100
TV non-disruptive: 0
Train shots: 80
Val shots:   20
TEST shots:  80 (original split)

=== Loading TV Sequences ===
[INFO] loading disruptive 50/100 (ok=50 fail=0) elapsed=1.0s
[INFO] loading disruptive 100/100 (ok=100 fail=0) elapsed=2.1s
requested_disruptive: 100
requested_non_disruptive: 0
loaded_disruptive: 100
loaded_non_disruptive: 0
failed: 0

=== Label Stats (train points) ===
n_pos: 2260
n_neg: 249450
pos_weight: 110.376106

=== Device ===
cuda

=== Training ===
[epoch 001] train_loss=1.400864 val_f1=0.626524 val_pr_auc=0.698866 val_shot_recall=0.550000 val_far=nan
[epoch 002] train_loss=1.280704 val_f1=0.285449 val_pr_auc=0.704845 val_shot_recall=0.650000 val_far=nan
[epoch 003] train_loss=1.154863 val_f1=0.187571 val_pr_auc=0.708337 val_shot_recall=0.750000 val_far=nan
[epoch 004] train_loss=1.034058 val_f1=0.169095 val_pr_auc=0.709563 val_shot_recall=0.800000 val_far=nan
[epoch 005] train_loss=0.892853 val_f1=0.173853 val_pr_auc=0.708230 val_shot_recall=0.800000 val_far=nan
[epoch 006] train_loss=0.777317 val_f1=0.203681 val_pr_auc=0.705984 val_shot_recall=0.750000 val_far=nan
[epoch 007] train_loss=0.697747 val_f1=0.273876 val_pr_auc=0.705800 val_shot_recall=0.700000 val_far=nan
[epoch 008] train_loss=0.641495 val_f1=0.351405 val_pr_auc=0.708401 val_shot_recall=0.650000 val_far=nan

Best checkpoint: G:\Œ“µƒ‘∆∂À”≤≈Ã\Fuison\analysis\outputs\realtime_gru_run7\best_model.pt (epoch=4, score=0.709563)

=== Loading TEST Sequences (original TEST split) ===
